platforms/android/app/build/intermediates/proguard-rules/release/aapt_rules.txt
# Referenced at full/release/AndroidManifest.xml:72
-keep class com.journeyapps.barcodescanner.CaptureActivity { <init>(...); }
# Referenced at full/release/AndroidManifest.xml:59
-keep class com.mahindra.vmsapp.MainActivity { <init>(...); }
# Referenced at res/layout/abc_alert_dialog_material.xml:75
-keep class android.support.v4.widget.NestedScrollView { <init>(...); }

# Referenced at res/layout/abc_alert_dialog_button_bar_material.xml:40
-keep class android.support.v4.widget.Space { <init>(...); }

# Referenced at res/layout/abc_action_menu_item_layout.xml:17
-keep class android.support.v7.internal.view.menu.ActionMenuItemView { <init>(...); }

# Referenced at res/layout/abc_expanded_menu_layout.xml:17
-keep class android.support.v7.internal.view.menu.ExpandedMenuView { <init>(...); }

# Referenced at res/layout/abc_popup_menu_item_layout.xml:17
# Referenced at res/layout/abc_list_menu_item_layout.xml:17
-keep class android.support.v7.internal.view.menu.ListMenuItemView { <init>(...); }

# Referenced at res/layout/abc_screen_toolbar.xml:27
-keep class android.support.v7.internal.widget.ActionBarContainer { <init>(...); }

# Referenced at res/layout/abc_screen_toolbar.xml:43
# Referenced at res/layout/abc_action_mode_bar.xml:19
-keep class android.support.v7.internal.widget.ActionBarContextView { <init>(...); }

# Referenced at res/layout/abc_screen_toolbar.xml:17
-keep class android.support.v7.internal.widget.ActionBarOverlayLayout { <init>(...); }

# Referenced at res/layout/abc_activity_chooser_view.xml:19
-keep class android.support.v7.internal.widget.ActivityChooserView$InnerLayout { <init>(...); }

# Referenced at res/layout/abc_alert_dialog_button_bar_material.xml:18
-keep class android.support.v7.internal.widget.ButtonBarLayout { <init>(...); }

# Referenced at res/layout/abc_screen_content_include.xml:19
-keep class android.support.v7.internal.widget.ContentFrameLayout { <init>(...); }

# Referenced at res/layout/abc_alert_dialog_material.xml:48
-keep class android.support.v7.internal.widget.DialogTitle { <init>(...); }

# Referenced at res/layout/abc_screen_simple_overlay_action_mode.xml:23
-keep class android.support.v7.internal.widget.FitWindowsFrameLayout { <init>(...); }

# Referenced at res/layout/abc_screen_simple.xml:17
# Referenced at res/layout/abc_dialog_title_material.xml:22
-keep class android.support.v7.internal.widget.FitWindowsLinearLayout { <init>(...); }

# Referenced at res/layout/abc_screen_simple_overlay_action_mode.xml:32
# Referenced at res/layout/abc_screen_simple.xml:25
-keep class android.support.v7.internal.widget.ViewStubCompat { <init>(...); }

# Referenced at res/layout/abc_action_menu_layout.xml:17
-keep class android.support.v7.widget.ActionMenuView { <init>(...); }

# Referenced at res/layout/abc_search_view.xml:78
-keep class android.support.v7.widget.SearchView$SearchAutoComplete { <init>(...); }

# Referenced at res/layout/abc_screen_toolbar.xml:36
-keep class android.support.v7.widget.Toolbar { <init>(...); }

# Referenced at res/layout/zxing_barcode_scanner.xml:5
-keep class com.journeyapps.barcodescanner.BarcodeView { <init>(...); }

# Referenced at res/layout/zxing_capture.xml:24
-keep class com.journeyapps.barcodescanner.DecoratedBarcodeView { <init>(...); }

# Referenced at res/layout/zxing_barcode_scanner.xml:10
-keep class com.journeyapps.barcodescanner.ViewfinderView { <init>(...); }