platforms/android/app/build/outputs/mapping/release/seeds.txt
com.mahindra.vmsapp.MainActivity
com.mahindra.vmsapp.MainActivity: MainActivity()
com.mahindra.vmsapp.R
com.mahindra.vmsapp.R$anim
com.mahindra.vmsapp.R$anim: int abc_fade_in
com.mahindra.vmsapp.R$anim: int abc_fade_out
com.mahindra.vmsapp.R$anim: int abc_grow_fade_in_from_bottom
com.mahindra.vmsapp.R$anim: int abc_popup_enter
com.mahindra.vmsapp.R$anim: int abc_popup_exit
com.mahindra.vmsapp.R$anim: int abc_shrink_fade_out_from_bottom
com.mahindra.vmsapp.R$anim: int abc_slide_in_bottom
com.mahindra.vmsapp.R$anim: int abc_slide_in_top
com.mahindra.vmsapp.R$anim: int abc_slide_out_bottom
com.mahindra.vmsapp.R$anim: int abc_slide_out_top
com.mahindra.vmsapp.R$attr
com.mahindra.vmsapp.R$attr: int actionBarDivider
com.mahindra.vmsapp.R$attr: int actionBarItemBackground
com.mahindra.vmsapp.R$attr: int actionBarPopupTheme
com.mahindra.vmsapp.R$attr: int actionBarSize
com.mahindra.vmsapp.R$attr: int actionBarSplitStyle
com.mahindra.vmsapp.R$attr: int actionBarStyle
com.mahindra.vmsapp.R$attr: int actionBarTabBarStyle
com.mahindra.vmsapp.R$attr: int actionBarTabStyle
com.mahindra.vmsapp.R$attr: int actionBarTabTextStyle
com.mahindra.vmsapp.R$attr: int actionBarTheme
com.mahindra.vmsapp.R$attr: int actionBarWidgetTheme
com.mahindra.vmsapp.R$attr: int actionButtonStyle
com.mahindra.vmsapp.R$attr: int actionDropDownStyle
com.mahindra.vmsapp.R$attr: int actionLayout
com.mahindra.vmsapp.R$attr: int actionMenuTextAppearance
com.mahindra.vmsapp.R$attr: int actionMenuTextColor
com.mahindra.vmsapp.R$attr: int actionModeBackground
com.mahindra.vmsapp.R$attr: int actionModeCloseButtonStyle
com.mahindra.vmsapp.R$attr: int actionModeCloseDrawable
com.mahindra.vmsapp.R$attr: int actionModeCopyDrawable
com.mahindra.vmsapp.R$attr: int actionModeCutDrawable
com.mahindra.vmsapp.R$attr: int actionModeFindDrawable
com.mahindra.vmsapp.R$attr: int actionModePasteDrawable
com.mahindra.vmsapp.R$attr: int actionModePopupWindowStyle
com.mahindra.vmsapp.R$attr: int actionModeSelectAllDrawable
com.mahindra.vmsapp.R$attr: int actionModeShareDrawable
com.mahindra.vmsapp.R$attr: int actionModeSplitBackground
com.mahindra.vmsapp.R$bool
com.mahindra.vmsapp.R$bool: int abc_action_bar_embed_tabs
com.mahindra.vmsapp.R$bool: int abc_action_bar_embed_tabs_pre_jb
com.mahindra.vmsapp.R$bool: int abc_action_bar_expanded_action_views_exclusive
com.mahindra.vmsapp.R$bool: int abc_allow_stacked_button_bar
com.mahindra.vmsapp.R$bool: int abc_config_actionMenuItemAllCaps
com.mahindra.vmsapp.R$bool: int abc_config_allowActionMenuItemTextWithIcon
com.mahindra.vmsapp.R$bool: int abc_config_closeDialogWhenTouchOutside
com.mahindra.vmsapp.R$bool: int abc_config_showMenuShortcutsWhenKeyboardPresent
...
okhttp3.internal.tls.CertificateChainCleaner
okhttp3.internal.tls.CertificateChainCleaner: CertificateChainCleaner()
okhttp3.internal.tls.CertificateChainCleaner: java.util.List clean(java.util.List,java.lang.String)
okhttp3.internal.tls.CertificateChainCleaner: okhttp3.internal.tls.CertificateChainCleaner get(javax.net.ssl.X509TrustManager)
okhttp3.internal.tls.CertificateChainCleaner: okhttp3.internal.tls.CertificateChainCleaner get(java.security.cert.X509Certificate[])
okhttp3.internal.tls.DistinguishedNameParser
okhttp3.internal.tls.DistinguishedNameParser: java.lang.String dn
okhttp3.internal.tls.DistinguishedNameParser: int length
okhttp3.internal.tls.DistinguishedNameParser: int pos
okhttp3.internal.tls.DistinguishedNameParser: int beg
okhttp3.internal.tls.DistinguishedNameParser: int end
okhttp3.internal.tls.DistinguishedNameParser: int cur
okhttp3.internal.tls.DistinguishedNameParser: char[] chars
okhttp3.internal.tls.DistinguishedNameParser: DistinguishedNameParser(javax.security.auth.x500.X500Principal)
okhttp3.internal.tls.DistinguishedNameParser: java.lang.String nextAT()
okhttp3.internal.tls.DistinguishedNameParser: java.lang.String quotedAV()
okhttp3.internal.tls.DistinguishedNameParser: java.lang.String hexAV()
okhttp3.internal.tls.DistinguishedNameParser: java.lang.String escapedAV()
okhttp3.internal.tls.DistinguishedNameParser: char getEscaped()
okhttp3.internal.tls.DistinguishedNameParser: char getUTF8()
okhttp3.internal.tls.DistinguishedNameParser: int getByte(int)
okhttp3.internal.tls.DistinguishedNameParser: java.lang.String findMostSpecific(java.lang.String)
okhttp3.internal.tls.OkHostnameVerifier
okhttp3.internal.tls.OkHostnameVerifier: okhttp3.internal.tls.OkHostnameVerifier INSTANCE
okhttp3.internal.tls.OkHostnameVerifier: int ALT_DNS_NAME
okhttp3.internal.tls.OkHostnameVerifier: int ALT_IPA_NAME
okhttp3.internal.tls.OkHostnameVerifier: OkHostnameVerifier()
okhttp3.internal.tls.OkHostnameVerifier: boolean verify(java.lang.String,javax.net.ssl.SSLSession)
okhttp3.internal.tls.OkHostnameVerifier: boolean verify(java.lang.String,java.security.cert.X509Certificate)
okhttp3.internal.tls.OkHostnameVerifier: boolean verifyIpAddress(java.lang.String,java.security.cert.X509Certificate)
okhttp3.internal.tls.OkHostnameVerifier: boolean verifyHostname(java.lang.String,java.security.cert.X509Certificate)
okhttp3.internal.tls.OkHostnameVerifier: java.util.List allSubjectAltNames(java.security.cert.X509Certificate)
okhttp3.internal.tls.OkHostnameVerifier: java.util.List getSubjectAltNames(java.security.cert.X509Certificate,int)
okhttp3.internal.tls.OkHostnameVerifier: boolean verifyHostname(java.lang.String,java.lang.String)
okhttp3.internal.tls.OkHostnameVerifier: void <clinit>()
okhttp3.internal.tls.TrustRootIndex
okhttp3.internal.tls.TrustRootIndex: java.security.cert.X509Certificate findByIssuerAndSignature(java.security.cert.X509Certificate)