platforms/android/app/build/outputs/mapping/release/mapping.txt
com.mahindra.vmsapp.MainActivity -> com.mahindra.vmsapp.MainActivity:
    25:25:void <init>() -> <init>
    30:40:void onCreate(android.os.Bundle) -> onCreate
com.mahindra.vmsapp.R -> com.mahindra.vmsapp.R:
    10:10:void <init>() -> <init>
com.mahindra.vmsapp.R$anim -> com.mahindra.vmsapp.R$anim:
    int abc_fade_in -> abc_fade_in
    int abc_fade_out -> abc_fade_out
    int abc_grow_fade_in_from_bottom -> abc_grow_fade_in_from_bottom
    int abc_popup_enter -> abc_popup_enter
    int abc_popup_exit -> abc_popup_exit
    int abc_shrink_fade_out_from_bottom -> abc_shrink_fade_out_from_bottom
    int abc_slide_in_bottom -> abc_slide_in_bottom
    int abc_slide_in_top -> abc_slide_in_top
    int abc_slide_out_bottom -> abc_slide_out_bottom
    int abc_slide_out_top -> abc_slide_out_top
    11:11:void <init>() -> <init>
com.mahindra.vmsapp.R$attr -> com.mahindra.vmsapp.R$attr:
    int actionBarDivider -> actionBarDivider
    int actionBarItemBackground -> actionBarItemBackground
    int actionBarPopupTheme -> actionBarPopupTheme
    int actionBarSize -> actionBarSize
    int actionBarSplitStyle -> actionBarSplitStyle
    int actionBarStyle -> actionBarStyle
    int actionBarTabBarStyle -> actionBarTabBarStyle
    int actionBarTabStyle -> actionBarTabStyle
    int actionBarTabTextStyle -> actionBarTabTextStyle
    int actionBarTheme -> actionBarTheme
    int actionBarWidgetTheme -> actionBarWidgetTheme
    int actionButtonStyle -> actionButtonStyle
    int actionDropDownStyle -> actionDropDownStyle
    int actionLayout -> actionLayout
    int actionMenuTextAppearance -> actionMenuTextAppearance
    int actionMenuTextColor -> actionMenuTextColor
    int actionModeBackground -> actionModeBackground
    int actionModeCloseButtonStyle -> actionModeCloseButtonStyle
    int actionModeCloseDrawable -> actionModeCloseDrawable
    int actionModeCopyDrawable -> actionModeCopyDrawable
    int actionModeCutDrawable -> actionModeCutDrawable
    int actionModeFindDrawable -> actionModeFindDrawable
    int actionModePasteDrawable -> actionModePasteDrawable
    int actionModePopupWindowStyle -> actionModePopupWindowStyle
    int actionModeSelectAllDrawable -> actionModeSelectAllDrawable
    int actionModeShareDrawable -> actionModeShareDrawable
    int actionModeSplitBackground -> actionModeSplitBackground
com.mahindra.vmsapp.R$bool -> com.mahindra.vmsapp.R$bool:
    int abc_action_bar_embed_tabs -> abc_action_bar_embed_tabs
    int abc_action_bar_embed_tabs_pre_jb -> abc_action_bar_embed_tabs_pre_jb
    int abc_action_bar_expanded_action_views_exclusive -> abc_action_bar_expanded_action_views_exclusive
    int abc_allow_stacked_button_bar -> abc_allow_stacked_button_bar
    int abc_config_actionMenuItemAllCaps -> abc_config_actionMenuItemAllCaps
    int abc_config_allowActionMenuItemTextWithIcon -> abc_config_allowActionMenuItemTextWithIcon
    int abc_config_closeDialogWhenTouchOutside -> abc_config_closeDialogWhenTouchOutside
    int abc_config_showMenuShortcutsWhenKeyboardPresent -> abc_config_showMenuShortcutsWhenKeyboardPresent
    1607:1607:void <init>() -> <init>
...
com.google.zxing.maxicode.decoder.DecodedBitStreamParser -> com.google.zxing.maxicode.decoder.DecodedBitStreamParser:
    char SHIFTA -> SHIFTA
    char SHIFTB -> SHIFTB
    char SHIFTC -> SHIFTC
    char SHIFTD -> SHIFTD
    char SHIFTE -> SHIFTE
    char TWOSHIFTA -> TWOSHIFTA
    char THREESHIFTA -> THREESHIFTA
    char LATCHA -> LATCHA
    char LATCHB -> LATCHB
    char LOCK -> LOCK
    char ECI -> ECI
    char NS -> NS
    char PAD -> PAD
    char FS -> FS
    char GS -> GS
    char RS -> RS
    java.text.NumberFormat NINE_DIGITS -> NINE_DIGITS
    java.text.NumberFormat THREE_DIGITS -> THREE_DIGITS
    java.lang.String[] SETS -> SETS
    60:61:void <init>() -> <init>
    64:92:com.google.zxing.common.DecoderResult decode(byte[],int) -> decode
    96:97:int getBit(int,byte[]) -> getBit
    101:108:int getInt(byte[],byte[]) -> getInt
    112:112:int getCountry(byte[]) -> getCountry
    116:116:int getServiceClass(byte[]) -> getServiceClass
    120:120:int getPostCode2Length(byte[]) -> getPostCode2Length
    124:124:int getPostCode2(byte[]) -> getPostCode2
    129:136:java.lang.String getPostCode3(byte[]) -> getPostCode3
    142:193:java.lang.String getMessage(byte[],int,int) -> getMessage
    48:51:void <clinit>() -> <clinit>
com.google.zxing.maxicode.decoder.Decoder -> com.google.zxing.maxicode.decoder.Decoder:
    int ALL -> ALL
    int EVEN -> EVEN
    int ODD -> ODD
    com.google.zxing.common.reedsolomon.ReedSolomonDecoder rsDecoder -> rsDecoder
    44:46:void <init>() -> <init>
    49:49:com.google.zxing.common.DecoderResult decode(com.google.zxing.common.BitMatrix) -> decode
    54:80:com.google.zxing.common.DecoderResult decode(com.google.zxing.common.BitMatrix,java.util.Map) -> decode
    88:112:void correctErrors(byte[],int,int,int,int) -> correctErrors
com.google.zxing.multi.ByQuadrantReader -> com.google.zxing.multi.ByQuadrantReader:
    com.google.zxing.Reader delegate -> delegate
    43:45:void <init>(com.google.zxing.Reader) -> <init>
    50:50:com.google.zxing.Result decode(com.google.zxing.BinaryBitmap) -> decode
    57:98:com.google.zxing.Result decode(com.google.zxing.BinaryBitmap,java.util.Map) -> decode
    103:104:void reset() -> reset
    107:113:void makeAbsolute(com.google.zxing.ResultPoint[],int,int) -> makeAbsolute
com.google.zxing.multi.GenericMultipleBarcodeReader -> com.google.zxing.multi.GenericMultipleBarcodeReader:
    int MIN_DIMENSION_TO_RECUR -> MIN_DIMENSION_TO_RECUR
    int MAX_DEPTH -> MAX_DEPTH
    com.google.zxing.Reader delegate -> delegate
    52:54:void <init>(com.google.zxing.Reader) -> <init>
    58:58:com.google.zxing.Result[] decodeMultiple(com.google.zxing.BinaryBitmap) -> decodeMultiple
    64:69:com.google.zxing.Result[] decodeMultiple(com.google.zxing.BinaryBitmap,java.util.Map) -> decodeMultiple
    78:156:void doDecodeMultiple(com.google.zxing.BinaryBitmap,java.util.Map,java.util.List,int,int,int) -> doDecodeMultiple
    159:172:com.google.zxing.Result translateResultPoints(com.google.zxing.Result,int,int) -> translateResultPoints
com.google.zxing.multi.MultipleBarcodeReader -> com.google.zxing.multi.MultipleBarcodeReader:
    com.google.zxing.Result[] decodeMultiple(com.google.zxing.BinaryBitmap) -> decodeMultiple
    com.google.zxing.Result[] decodeMultiple(com.google.zxing.BinaryBitmap,java.util.Map) -> decodeMultiple
com.google.zxing.multi.qrcode.QRCodeMultiReader -> com.google.zxing.multi.qrcode.QRCodeMultiReader:
    com.google.zxing.Result[] EMPTY_RESULT_ARRAY -> EMPTY_RESULT_ARRAY
    com.google.zxing.ResultPoint[] NO_POINTS -> NO_POINTS
    48:166:void <init>() -> <init>
    55:55:com.google.zxing.Result[] decodeMultiple(com.google.zxing.BinaryBitmap) -> decodeMultiple
    60:95:com.google.zxing.Result[] decodeMultiple(com.google.zxing.BinaryBitmap,java.util.Map) -> decodeMultiple
    100:163:java.util.List processStructuredAppend(java.util.List) -> processStructuredAppend
    50:51:void <clinit>() -> <clinit>