platforms/android/app/build/outputs/mapping/release/usage.txt
com.mahindra.vmsapp.BuildConfig
...
android.support.v4.hardware.fingerprint.FingerprintManagerCompat$LegacyFingerprintManagerCompatImpl
android.support.v4.hardware.fingerprint.FingerprintManagerCompatApi23
android.support.v4.hardware.fingerprint.FingerprintManagerCompatApi23$1
android.support.v4.hardware.fingerprint.FingerprintManagerCompatApi23$AuthenticationCallback
android.support.v4.hardware.fingerprint.FingerprintManagerCompatApi23$AuthenticationResultInternal
android.support.v4.hardware.fingerprint.FingerprintManagerCompatApi23$CryptoObject
android.support.v4.internal.view.SupportMenu:
    public static final int USER_MASK
    public static final int USER_SHIFT
    public static final int CATEGORY_MASK
    public static final int CATEGORY_SHIFT
android.support.v4.internal.view.SupportMenuItem:
    public static final int SHOW_AS_ACTION_NEVER
    public static final int SHOW_AS_ACTION_IF_ROOM
    public static final int SHOW_AS_ACTION_ALWAYS
    public static final int SHOW_AS_ACTION_WITH_TEXT
    public static final int SHOW_AS_ACTION_COLLAPSE_ACTION_VIEW
android.support.v4.media.IMediaBrowserServiceCompat
android.support.v4.media.IMediaBrowserServiceCompat$Stub
android.support.v4.media.IMediaBrowserServiceCompat$Stub$Proxy
android.support.v4.media.IMediaBrowserServiceCompatCallbacks
android.support.v4.media.IMediaBrowserServiceCompatCallbacks$Stub
android.support.v4.media.IMediaBrowserServiceCompatCallbacks$Stub$Proxy
android.support.v4.media.MediaBrowserCompat
android.support.v4.media.MediaBrowserCompat$1
android.support.v4.media.MediaBrowserCompat$ConnectionCallback
android.support.v4.media.MediaBrowserCompat$ItemCallback
android.support.v4.media.MediaBrowserCompat$MediaBrowserImplBase
android.support.v4.media.MediaBrowserCompat$MediaBrowserImplBase$1
android.support.v4.media.MediaBrowserCompat$MediaBrowserImplBase$2
android.support.v4.media.MediaBrowserCompat$MediaBrowserImplBase$3
android.support.v4.media.MediaBrowserCompat$MediaBrowserImplBase$4
android.support.v4.media.MediaBrowserCompat$MediaBrowserImplBase$5
android.support.v4.media.MediaBrowserCompat$MediaBrowserImplBase$6
android.support.v4.media.MediaBrowserCompat$MediaBrowserImplBase$7
android.support.v4.media.MediaBrowserCompat$MediaBrowserImplBase$MediaServiceConnection
android.support.v4.media.MediaBrowserCompat$MediaBrowserImplBase$ServiceCallbacks
android.support.v4.media.MediaBrowserCompat$MediaBrowserImplBase$Subscription
android.support.v4.media.MediaBrowserCompat$MediaItem
android.support.v4.media.MediaBrowserCompat$MediaItem$1
android.support.v4.media.MediaBrowserCompat$MediaItem$Flags
android.support.v4.media.MediaBrowserCompat$SubscriptionCallback
android.support.v4.media.MediaBrowserServiceCompat
android.support.v4.media.MediaBrowserServiceCompat$1
android.support.v4.media.MediaBrowserServiceCompat$2
android.support.v4.media.MediaBrowserServiceCompat$3
android.support.v4.media.MediaBrowserServiceCompat$4
android.support.v4.media.MediaBrowserServiceCompat$BrowserRoot
android.support.v4.media.MediaBrowserServiceCompat$ConnectionRecord
android.support.v4.media.MediaBrowserServiceCompat$Result
android.support.v4.media.MediaBrowserServiceCompat$ServiceBinder
android.support.v4.media.MediaBrowserServiceCompat$ServiceBinder$1
android.support.v4.media.MediaBrowserServiceCompat$ServiceBinder$2
android.support.v4.media.MediaBrowserServiceCompat$ServiceBinder$3
android.support.v4.media.MediaBrowserServiceCompat$ServiceBinder$4
android.support.v4.media.MediaBrowserServiceCompat$ServiceBinder$5
android.support.v4.media.MediaDescriptionCompat
android.support.v4.media.MediaDescriptionCompat$1
android.support.v4.media.MediaDescriptionCompat$Builder
android.support.v4.media.MediaDescriptionCompatApi21
android.support.v4.media.MediaDescriptionCompatApi21$Builder
android.support.v4.media.MediaDescriptionCompatApi23
android.support.v4.media.MediaDescriptionCompatApi23$Builder
android.support.v4.media.MediaMetadataCompat
android.support.v4.media.MediaMetadataCompat$1